--- First layer forward_cpu: 
g = 1;
Reading data...
U OK.
S OK.
V OK.
Time = 0.007972 sec.
Time for original function: 0.013444
Deleted
--- First layer forward_cpu: 
g = 1;
Reading data...
U OK.
S OK.
V OK.
Time = 0.007721 sec.
Time for original function: 0.012609
Deleted
--- First layer forward_cpu: 
g = 1;
Reading data...
U OK.
S OK.
V OK.
Time = 0.007869 sec.
Time for original function: 0.012771
Deleted
--- First layer forward_cpu: 
g = 1;
Reading data...
U OK.
S OK.
V OK.
Time = 0.00785 sec.
Time for original function: 0.012619
Deleted
--- First layer forward_cpu: 
g = 1;
Reading data...
U OK.
S OK.
V OK.
Time = 0.007787 sec.
Time for original function: 0.012475
Deleted
--- First layer forward_cpu: 
g = 1;
Reading data...
U OK.
S OK.
V OK.
Time = 0.007698 sec.
Time for original function: 0.012611
Deleted
--- First layer forward_cpu: 
g = 1;
Reading data...
U OK.
S OK.
V OK.
Time = 0.007747 sec.
Time for original function: 0.012153
Deleted
--- First layer forward_cpu: 
g = 1;
Reading data...
U OK.
S OK.
V OK.
Time = 0.007393 sec.
Time for original function: 0.012225
Deleted
--- First layer forward_cpu: 
g = 1;
Reading data...
U OK.
S OK.
V OK.
Time = 0.007453 sec.
Time for original function: 0.01232
Deleted
--- First layer forward_cpu: 
g = 1;
Reading data...
U OK.
S OK.
V OK.
Time = 0.007939 sec.
Time for original function: 0.012672
Deleted
Other layer forward_cpu... 
Other layer forward_cpu... 
Other layer forward_cpu... 
Other layer forward_cpu... 
Other layer forward_cpu... 
Other layer forward_cpu... 
Other layer forward_cpu... 
Other layer forward_cpu... 
Other layer forward_cpu... 
Other layer forward_cpu... 
Other layer forward_cpu... 
Other layer forward_cpu... 
Other layer forward_cpu... 
Other layer forward_cpu... 
Other layer forward_cpu... 
Other layer forward_cpu... 
Other layer forward_cpu... 
Other layer forward_cpu... 
Other layer forward_cpu... 
Other layer forward_cpu... 
Other layer forward_cpu... 
Other layer forward_cpu... 
Other layer forward_cpu... 
Other layer forward_cpu... 
Other layer forward_cpu... 
Other layer forward_cpu... 
Other layer forward_cpu... 
Other layer forward_cpu... 
Other layer forward_cpu... 
Other layer forward_cpu... 
Other layer forward_cpu... 
Other layer forward_cpu... 
Other layer forward_cpu... 
Other layer forward_cpu... 
Other layer forward_cpu... 
Other layer forward_cpu... 
Other layer forward_cpu... 
Other layer forward_cpu... 
Other layer forward_cpu... 
Other layer forward_cpu... 
